{"C:\\Users\\cdungca\\Desktop\\Code_Practice\\jest-practice\\isPalindrome.js": {"path":"C:\\Users\\cdungca\\Desktop\\Code_Practice\\jest-practice\\isPalindrome.js","statementMap":{"0":{"start":{"line":1,"column":22},"end":{"line":1,"column":48}},"1":{"start":{"line":4,"column":2},"end":{"line":4,"column":66}},"2":{"start":{"line":7,"column":0},"end":{"line":7,"column":30}}},"fnMap":{"0":{"name":"isPalindrome","decl":{"start":{"line":3,"column":9},"end":{"line":3,"column":21}},"loc":{"start":{"line":3,"column":28},"end":{"line":5,"column":1}},"line":3}},"branchMap":{},"s":{"0":1,"1":2,"2":1},"f":{"0":2},"b":{},"_coverageSchema":"1a1c01bbd47fc00a2c39e90264f33305004495a9","hash":"92ae65801e4107c5c1d6f2541b8f59b1e669684d"}
,"C:\\Users\\cdungca\\Desktop\\Code_Practice\\jest-practice\\reverseString.js": {"path":"C:\\Users\\cdungca\\Desktop\\Code_Practice\\jest-practice\\reverseString.js","statementMap":{"0":{"start":{"line":2,"column":2},"end":{"line":2,"column":63}},"1":{"start":{"line":5,"column":0},"end":{"line":5,"column":31}}},"fnMap":{"0":{"name":"reverseString","decl":{"start":{"line":1,"column":9},"end":{"line":1,"column":22}},"loc":{"start":{"line":1,"column":29},"end":{"line":3,"column":1}},"line":1}},"branchMap":{},"s":{"0":3,"1":2},"f":{"0":3},"b":{},"_coverageSchema":"1a1c01bbd47fc00a2c39e90264f33305004495a9","hash":"7eda1c62c791272e2d9b9535e8bed818c75c1a33"}
,"C:\\Users\\cdungca\\Desktop\\Code_Practice\\jest-practice\\shallowObjClone.js": {"path":"C:\\Users\\cdungca\\Desktop\\Code_Practice\\jest-practice\\shallowObjClone.js","statementMap":{"0":{"start":{"line":2,"column":2},"end":{"line":4,"column":4}},"1":{"start":{"line":7,"column":0},"end":{"line":7,"column":33}}},"fnMap":{"0":{"name":"shallowObjClone","decl":{"start":{"line":1,"column":9},"end":{"line":1,"column":24}},"loc":{"start":{"line":1,"column":30},"end":{"line":5,"column":1}},"line":1}},"branchMap":{},"s":{"0":1,"1":1},"f":{"0":1},"b":{},"_coverageSchema":"1a1c01bbd47fc00a2c39e90264f33305004495a9","hash":"281932bd08a2d12ca5ecaf77d33db47489662559"}
,"C:\\Users\\cdungca\\Desktop\\Code_Practice\\jest-practice\\sum.js": {"path":"C:\\Users\\cdungca\\Desktop\\Code_Practice\\jest-practice\\sum.js","statementMap":{"0":{"start":{"line":2,"column":2},"end":{"line":2,"column":15}},"1":{"start":{"line":5,"column":0},"end":{"line":5,"column":21}}},"fnMap":{"0":{"name":"sum","decl":{"start":{"line":1,"column":9},"end":{"line":1,"column":12}},"loc":{"start":{"line":1,"column":19},"end":{"line":3,"column":1}},"line":1}},"branchMap":{},"s":{"0":1,"1":1},"f":{"0":1},"b":{},"_coverageSchema":"1a1c01bbd47fc00a2c39e90264f33305004495a9","hash":"cc00dd1bb0367c2dfba941d68c1382d3a27c35b3"}
}
